<?xml version="1.0" encoding="UTF-8"?>
<testsuite name="com.epam.runner.RunCuke" time="0" tests="9" errors="0" skipped="7" failures="0">
  <properties>
    <property name="java.runtime.name" value="Java(TM) SE Runtime Environment"/>
    <property name="sun.boot.library.path" value="C:\Program Files\Java\jdk1.8.0_92\jre\bin"/>
    <property name="java.vm.version" value="25.92-b14"/>
    <property name="java.vm.vendor" value="Oracle Corporation"/>
    <property name="maven.multiModuleProjectDirectory" value="D:\projects\GitHubCloned\CucumberMobileTaf"/>
    <property name="java.vendor.url" value="http://java.oracle.com/"/>
    <property name="path.separator" value=";"/>
    <property name="guice.disable.misplaced.annotation.check" value="true"/>
    <property name="java.vm.name" value="Java HotSpot(TM) 64-Bit Server VM"/>
    <property name="file.encoding.pkg" value="sun.io"/>
    <property name="user.script" value=""/>
    <property name="user.country" value="US"/>
    <property name="sun.java.launcher" value="SUN_STANDARD"/>
    <property name="sun.os.patch.level" value=""/>
    <property name="java.vm.specification.name" value="Java Virtual Machine Specification"/>
    <property name="user.dir" value="D:\projects\GitHubCloned\CucumberMobileTaf"/>
    <property name="java.runtime.version" value="1.8.0_92-b14"/>
    <property name="java.awt.graphicsenv" value="sun.awt.Win32GraphicsEnvironment"/>
    <property name="java.endorsed.dirs" value="C:\Program Files\Java\jdk1.8.0_92\jre\lib\endorsed"/>
    <property name="os.arch" value="amd64"/>
    <property name="java.io.tmpdir" value="C:\Users\IEVGEN~1\AppData\Local\Temp\"/>
    <property name="line.separator" value="&#10;"/>
    <property name="java.vm.specification.vendor" value="Oracle Corporation"/>
    <property name="user.variant" value=""/>
    <property name="os.name" value="Windows 10"/>
    <property name="classworlds.conf" value="C:\Install\apache-maven-3.3.9\bin\m2.conf"/>
    <property name="sun.jnu.encoding" value="Cp1251"/>
    <property name="java.library.path" value="C:\Program Files\Java\jdk1.8.0_92\bin;C:\WINDOWS\Sun\Java\bin;C:\WINDOWS\system32;C:\WINDOWS;C:\Program Files (x86)\Google\Chrome\Application;C:\Program Files\Docker\Docker\Resources\bin;C:\ProgramData\Oracle\Java\javapath;C:\WINDOWS\system32;C:\WINDOWS;C:\WINDOWS\System32\Wbem;C:\WINDOWS\System32\WindowsPowerShell\v1.0\;C:\Program Files\TortoiseSVN\bin;C:\Install\apache-maven-3.3.9\bin;C:\Program Files\Git\cmd;C:\Program Files\Java\jdk1.8.0_92\bin;C:\Program Files\OpenVPN\bin;C:\Program Files\Gradle\gradle-3.5\bin;C:\Program Files (x86)\Skype\Phone\;C:\Program Files\Taurus\bin;C:\Program Files\PuTTY\;C:\Install\apache-jmeter-3.2\lib\ext;;."/>
    <property name="java.specification.name" value="Java Platform API Specification"/>
    <property name="java.class.version" value="52.0"/>
    <property name="sun.management.compiler" value="HotSpot 64-Bit Tiered Compilers"/>
    <property name="os.version" value="10.0"/>
    <property name="user.home" value="C:\Users\Ievgen_Ostapenko"/>
    <property name="user.timezone" value="Europe/Helsinki"/>
    <property name="java.awt.printerjob" value="sun.awt.windows.WPrinterJob"/>
    <property name="java.specification.version" value="1.8"/>
    <property name="file.encoding" value="Cp1251"/>
    <property name="user.name" value="Ievgen_Ostapenko"/>
    <property name="java.class.path" value="C:\Install\apache-maven-3.3.9\boot\plexus-classworlds-2.5.2.jar"/>
    <property name="java.vm.specification.version" value="1.8"/>
    <property name="sun.arch.data.model" value="64"/>
    <property name="java.home" value="C:\Program Files\Java\jdk1.8.0_92\jre"/>
    <property name="sun.java.command" value="org.codehaus.plexus.classworlds.launcher.Launcher clean install"/>
    <property name="java.specification.vendor" value="Oracle Corporation"/>
    <property name="user.language" value="en"/>
    <property name="awt.toolkit" value="sun.awt.windows.WToolkit"/>
    <property name="java.vm.info" value="mixed mode"/>
    <property name="java.version" value="1.8.0_92"/>
    <property name="java.ext.dirs" value="C:\Program Files\Java\jdk1.8.0_92\jre\lib\ext;C:\WINDOWS\Sun\Java\lib\ext"/>
    <property name="sun.boot.class.path" value="C:\Program Files\Java\jdk1.8.0_92\jre\lib\resources.jar;C:\Program Files\Java\jdk1.8.0_92\jre\lib\rt.jar;C:\Program Files\Java\jdk1.8.0_92\jre\lib\sunrsasign.jar;C:\Program Files\Java\jdk1.8.0_92\jre\lib\jsse.jar;C:\Program Files\Java\jdk1.8.0_92\jre\lib\jce.jar;C:\Program Files\Java\jdk1.8.0_92\jre\lib\charsets.jar;C:\Program Files\Java\jdk1.8.0_92\jre\lib\jfr.jar;C:\Program Files\Java\jdk1.8.0_92\jre\classes"/>
    <property name="sun.stderr.encoding" value="cp866"/>
    <property name="java.vendor" value="Oracle Corporation"/>
    <property name="maven.home" value="C:\Install\apache-maven-3.3.9"/>
    <property name="file.separator" value="\"/>
    <property name="java.vendor.url.bug" value="http://bugreport.sun.com/bugreport/"/>
    <property name="sun.cpu.endian" value="little"/>
    <property name="sun.io.unicode.encoding" value="UnicodeLittle"/>
    <property name="sun.stdout.encoding" value="cp866"/>
    <property name="sun.desktop" value="windows"/>
    <property name="sun.cpu.isalist" value="amd64"/>
  </properties>
  <testcase name="Given I navigate to Main page" classname="| Emma Watson IFB Tease | Emma |" time="0">
    <skipped/>
    <system-out><![CDATA[@service
Feature: Verify published video content on ElenTube site

  @TestCase-2001
  Scenario Outline: : Verify that video section has certain tags &amp#27;[90m# video.feature:5&amp#27;[0m
    &amp#27;[36mGiven &amp#27;[0m&amp#27;[36mI navigate to Main page&amp#27;[0m
    &amp#27;[36mThen &amp#27;[0m&amp#27;[36mI should see the video with the following values:&amp#27;[0m

    Examples: 
]]></system-out>
  </testcase>
  <testcase name="Then I should see the video with the following values:" classname="| Emma Watson IFB Tease | Emma |" time="0">
    <skipped/>
  </testcase>
  <testcase name="| Emma Watson IFB Tease | Emma |" classname="| Emma Watson IFB Tease | Emma |" time="0">
    <skipped/>
  </testcase>
  <testcase name="| Emma Watson IFB Tease | Emma |" classname="| Emma Watson IFB Tease | Emma |" time="0.229"/>
  <testcase name="Given I navigate to Main page" classname="Scenario: Verify video search by tags" time="0">
    <skipped/>
    <system-out><![CDATA[
  @TestCase-2001 @service
  Scenario Outline: : Verify that video section has certain tags &amp#27;[90m# video.feature:12&amp#27;[0m
    &amp#27;[33mGiven &amp#27;[0m&amp#27;[33mI navigate to Main page&amp#27;[0m
    &amp#27;[33mThen &amp#27;[0m&amp#27;[33mI should see the video with the following values:&amp#27;[0m
]]></system-out>
  </testcase>
  <testcase name="When I search Video with the following values:" classname="Scenario: Verify video search by tags" time="0">
    <skipped/>
  </testcase>
  <testcase name="Then I should see the video with the following values:" classname="Scenario: Verify video search by tags" time="0">
    <skipped/>
  </testcase>
  <testcase name="Scenario: Verify video search by tags" classname="Scenario: Verify video search by tags" time="0">
    <skipped/>
  </testcase>
  <testcase name="Scenario: Verify video search by tags" classname="Scenario: Verify video search by tags" time="0.224"/>
</testsuite>